# JRE version: Java(TM) SE Runtime Environment (8.0_65-b17) (build 1.8.0_65-b17)
# Java VM: Java HotSpot(TM) Client VM (25.65-b01 mixed mode linux-arm )
Heap:
 def new generation   total 241536K, used 0K [0x34000000, 0x44600000, 0x49540000)
  eden space 214784K,   0% used [0x34000000, 0x34000000, 0x411c0000)
  from space 26752K,   0% used [0x42be0000, 0x42be0000, 0x44600000)
  to   space 26752K,   0% used [0x411c0000, 0x411c0000, 0x42be0000)
 tenured generation   total 536804K, used 482314K [0x49540000, 0x6a179000, 0x74000000)
   the space 536804K,  89% used [0x49540000, 0x66c42a88, 0x66c42c00, 0x6a179000)
 Metaspace       used 6646K, capacity 6713K, committed 6808K, reserved 7472K
GC Heap History (10 events):
Event: 1988.514 GC heap after
Heap after GC invocations=410 (full 10):
 def new generation   total 241536K, used 15112K [0x34000000, 0x44600000, 0x49540000)
  eden space 214784K,   0% used [0x34000000, 0x34000000, 0x411c0000)
  from space 26752K,  56% used [0x411c0000, 0x42082128, 0x42be0000)
  to   space 26752K,   0% used [0x42be0000, 0x42be0000, 0x44600000)
 tenured generation   total 536548K, used 526969K [0x49540000, 0x6a139000, 0x74000000)
   the space 536548K,  98% used [0x49540000, 0x697de420, 0x697de600, 0x6a139000)
 Metaspace       used 6646K, capacity 6713K, committed 6808K, reserved 7472K
}
Event: 2006.707 GC heap before
{Heap before GC invocations=410 (full 10):
 def new generation   total 241536K, used 229896K [0x34000000, 0x44600000, 0x49540000)
  eden space 214784K, 100% used [0x34000000, 0x411c0000, 0x411c0000)
  from space 26752K,  56% used [0x411c0000, 0x42082128, 0x42be0000)
  to   space 26752K,   0% used [0x42be0000, 0x42be0000, 0x44600000)
 tenured generation   total 536548K, used 526969K [0x49540000, 0x6a139000, 0x74000000)
   the space 536548K,  98% used [0x49540000, 0x697de420, 0x697de600, 0x6a139000)
 Metaspace       used 6646K, capacity 6713K, committed 6808K, reserved 7472K
Event: 2007.673 GC heap after
Heap after GC invocations=411 (full 10):
 def new generation   total 241536K, used 13789K [0x34000000, 0x44600000, 0x49540000)
  eden space 214784K,   0% used [0x34000000, 0x34000000, 0x411c0000)
  from space 26752K,  51% used [0x42be0000, 0x43957778, 0x44600000)
  to   space 26752K,   0% used [0x411c0000, 0x411c0000, 0x42be0000)
 tenured generation   total 536548K, used 530279K [0x49540000, 0x6a139000, 0x74000000)
   the space 536548K,  98% used [0x49540000, 0x69b19e60, 0x69b1a000, 0x6a139000)
 Metaspace       used 6646K, capacity 6713K, committed 6808K, reserved 7472K
}
Event: 2023.232 GC heap before
{Heap before GC invocations=411 (full 10):
 def new generation   total 241536K, used 228573K [0x34000000, 0x44600000, 0x49540000)
  eden space 214784K, 100% used [0x34000000, 0x411c0000, 0x411c0000)
  from space 26752K,  51% used [0x42be0000, 0x43957778, 0x44600000)
  to   space 26752K,   0% used [0x411c0000, 0x411c0000, 0x42be0000)
 tenured generation   total 536548K, used 530279K [0x49540000, 0x6a139000, 0x74000000)
   the space 536548K,  98% used [0x49540000, 0x69b19e60, 0x69b1a000, 0x6a139000)
 Metaspace       used 6646K, capacity 6713K, committed 6808K, reserved 7472K
Event: 2023.615 GC heap after
Heap after GC invocations=412 (full 10):
 def new generation   total 241536K, used 13552K [0x34000000, 0x44600000, 0x49540000)
  eden space 214784K,   0% used [0x34000000, 0x34000000, 0x411c0000)
  from space 26752K,  50% used [0x411c0000, 0x41efc3f8, 0x42be0000)
  to   space 26752K,   0% used [0x42be0000, 0x42be0000, 0x44600000)
 tenured generation   total 536548K, used 532377K [0x49540000, 0x6a139000, 0x74000000)
   the space 536548K,  99% used [0x49540000, 0x69d26498, 0x69d26600, 0x6a139000)
 Metaspace       used 6646K, capacity 6713K, committed 6808K, reserved 7472K
}
Event: 2030.695 GC heap before
{Heap before GC invocations=412 (full 10):
 def new generation   total 241536K, used 228336K [0x34000000, 0x44600000, 0x49540000)
  eden space 214784K, 100% used [0x34000000, 0x411c0000, 0x411c0000)
  from space 26752K,  50% used [0x411c0000, 0x41efc3f8, 0x42be0000)
  to   space 26752K,   0% used [0x42be0000, 0x42be0000, 0x44600000)
 tenured generation   total 536548K, used 532377K [0x49540000, 0x6a139000, 0x74000000)
   the space 536548K,  99% used [0x49540000, 0x69d26498, 0x69d26600, 0x6a139000)
 Metaspace       used 6646K, capacity 6713K, committed 6808K, reserved 7472K
Event: 2031.127 GC heap after
Heap after GC invocations=413 (full 10):
 def new generation   total 241536K, used 12694K [0x34000000, 0x44600000, 0x49540000)
  eden space 214784K,   0% used [0x34000000, 0x34000000, 0x411c0000)
  from space 26752K,  47% used [0x42be0000, 0x438459a0, 0x44600000)
  to   space 26752K,   0% used [0x411c0000, 0x411c0000, 0x42be0000)
 tenured generation   total 536548K, used 534381K [0x49540000, 0x6a139000, 0x74000000)
   the space 536548K,  99% used [0x49540000, 0x69f1b610, 0x69f1b800, 0x6a139000)
 Metaspace       used 6646K, capacity 6713K, committed 6808K, reserved 7472K
}
Event: 2038.231 GC heap before
{Heap before GC invocations=413 (full 10):
 def new generation   total 241536K, used 227478K [0x34000000, 0x44600000, 0x49540000)
  eden space 214784K, 100% used [0x34000000, 0x411c0000, 0x411c0000)
  from space 26752K,  47% used [0x42be0000, 0x438459a0, 0x44600000)
  to   space 26752K,   0% used [0x411c0000, 0x411c0000, 0x42be0000)
 tenured generation   total 536548K, used 534381K [0x49540000, 0x6a139000, 0x74000000)
   the space 536548K,  99% used [0x49540000, 0x69f1b610, 0x69f1b800, 0x6a139000)
 Metaspace       used 6646K, capacity 6713K, committed 6808K, reserved 7472K
Event: 2038.590 GC heap after
Heap after GC invocations=414 (full 10):
 def new generation   total 241536K, used 13592K [0x34000000, 0x44600000, 0x49540000)
  eden space 214784K,   0% used [0x34000000, 0x34000000, 0x411c0000)
  from space 26752K,  50% used [0x411c0000, 0x41f063c8, 0x42be0000)
  to   space 26752K,   0% used [0x42be0000, 0x42be0000, 0x44600000)
 tenured generation   total 536548K, used 534381K [0x49540000, 0x6a139000, 0x74000000)
   the space 536548K,  99% used [0x49540000, 0x69f1b610, 0x69f1b800, 0x6a139000)
 Metaspace       used 6646K, capacity 6713K, committed 6808K, reserved 7472K
}
Event: 2046.202 GC heap before
{Heap before GC invocations=414 (full 10):
 def new generation   total 241536K, used 228376K [0x34000000, 0x44600000, 0x49540000)
  eden space 214784K, 100% used [0x34000000, 0x411c0000, 0x411c0000)
  from space 26752K,  50% used [0x411c0000, 0x41f063c8, 0x42be0000)
  to   space 26752K,   0% used [0x42be0000, 0x42be0000, 0x44600000)
 tenured generation   total 536548K, used 534381K [0x49540000, 0x6a139000, 0x74000000)
   the space 536548K,  99% used [0x49540000, 0x69f1b610, 0x69f1b800, 0x6a139000)
 Metaspace       used 6646K, capacity 6713K, committed 6808K, reserved 7472K

